Loading data...
### Loading data
Reached 1000 events!
### Loading data
Reached 700 events!
Starting Object Condensation training...
Epoch 1/100
Epoch 1/100 - Train Loss: 3.89781088, Validation Loss: 0.92346342
Appended epoch 1 to /vols/cms/mm1221/Independent/ObjectCondensation/runs/Electron_Full_hd64_nl4_k36/training_loss.csv
Epoch 2/100
Epoch 2/100 - Train Loss: 0.71303998, Validation Loss: 0.87329935
Appended epoch 2 to /vols/cms/mm1221/Independent/ObjectCondensation/runs/Electron_Full_hd64_nl4_k36/training_loss.csv
Epoch 3/100
Epoch 3/100 - Train Loss: 0.48825481, Validation Loss: 0.85216968
Appended epoch 3 to /vols/cms/mm1221/Independent/ObjectCondensation/runs/Electron_Full_hd64_nl4_k36/training_loss.csv
Epoch 4/100
Epoch 4/100 - Train Loss: 0.40725533, Validation Loss: 0.87786695
Appended epoch 4 to /vols/cms/mm1221/Independent/ObjectCondensation/runs/Electron_Full_hd64_nl4_k36/training_loss.csv
Epoch 5/100
Epoch 5/100 - Train Loss: 0.38665377, Validation Loss: 0.90912166
Appended epoch 5 to /vols/cms/mm1221/Independent/ObjectCondensation/runs/Electron_Full_hd64_nl4_k36/training_loss.csv
Epoch 6/100
Epoch 6/100 - Train Loss: 0.37493553, Validation Loss: 0.91148190
Appended epoch 6 to /vols/cms/mm1221/Independent/ObjectCondensation/runs/Electron_Full_hd64_nl4_k36/training_loss.csv
Epoch 7/100
Epoch 7/100 - Train Loss: 0.36438689, Validation Loss: 0.91130745
Appended epoch 7 to /vols/cms/mm1221/Independent/ObjectCondensation/runs/Electron_Full_hd64_nl4_k36/training_loss.csv
Epoch 8/100
Epoch 8/100 - Train Loss: 0.35915810, Validation Loss: 0.91132437
Appended epoch 8 to /vols/cms/mm1221/Independent/ObjectCondensation/runs/Electron_Full_hd64_nl4_k36/training_loss.csv
Epoch 9/100
