000 (3657452.000.000) 2025-12-03 17:08:59 Job submitted from host: <146.179.108.134:9618?addrs=146.179.108.134-9618&alias=htcmaster00.hep.ph.ic.ac.uk&noUDP&sock=schedd_953_41d8>
...
001 (3657452.000.000) 2025-12-03 17:09:09 Job executing on host: <146.179.108.124:9618?addrs=146.179.108.124-9618+[2a0c-5bc0-88-111-216-3eff-fe7f-1dc]-9618&alias=lxcgpu03.hep.ph.ic.ac.uk&noUDP&sock=startd_2011_f50b>
	SlotName: slot1_1@lxcgpu03.hep.ph.ic.ac.uk
	AvailableGPUs = { GPUs_GPU_5269b953 }
	CondorScratchDir = "/srv/localstage/condor/dir_48138"
	Cpus = 40
	Disk = 735125138
	GPUs = 1
	GPUs_GPU_5269b953 = [ Id = "GPU-5269b953"; ClockMhz = 1380.0; Capability = 7.0; CoresPerCU = 64; DeviceName = "Tesla V100-PCIE-32GB"; DeviceUuid = "5269b953-3f5d-8bb2-9294-0150e3c31d44"; ECCEnabled = true; ComputeUnits = 80; NvidiaDriver = "580.105.08"; DriverVersion = 13.0; DevicePciBusId = "0000:00:03.0"; GlobalMemoryMb = 32494; MaxSupportedVersion = 13000 ]
	Memory = 87707
...
006 (3657452.000.000) 2025-12-03 17:09:17 Image size of job updated: 23124
	16  -  MemoryUsage of job (MB)
	15940  -  ResidentSetSize of job (KB)
...
006 (3657452.000.000) 2025-12-03 17:11:17 Image size of job updated: 4354440
	4253  -  MemoryUsage of job (MB)
	4354440  -  ResidentSetSize of job (KB)
...
006 (3657452.000.000) 2025-12-03 17:13:17 Image size of job updated: 5692928
	5559  -  MemoryUsage of job (MB)
	5692180  -  ResidentSetSize of job (KB)
...
006 (3657452.000.000) 2025-12-03 17:15:17 Image size of job updated: 5693948
	5561  -  MemoryUsage of job (MB)
	5693948  -  ResidentSetSize of job (KB)
...
006 (3657452.000.000) 2025-12-03 17:17:18 Image size of job updated: 5695148
	5562  -  MemoryUsage of job (MB)
	5694740  -  ResidentSetSize of job (KB)
...
006 (3657452.000.000) 2025-12-03 17:19:19 Image size of job updated: 5705412
	5572  -  MemoryUsage of job (MB)
	5705412  -  ResidentSetSize of job (KB)
...
006 (3657452.000.000) 2025-12-03 17:21:20 Image size of job updated: 5713452
	5580  -  MemoryUsage of job (MB)
	5713452  -  ResidentSetSize of job (KB)
...
006 (3657452.000.000) 2025-12-03 17:23:21 Image size of job updated: 5753420
	5619  -  MemoryUsage of job (MB)
	5753420  -  ResidentSetSize of job (KB)
...
006 (3657452.000.000) 2025-12-03 17:25:21 Image size of job updated: 5811032
	5675  -  MemoryUsage of job (MB)
	5810208  -  ResidentSetSize of job (KB)
...
006 (3657452.000.000) 2025-12-03 17:27:21 Image size of job updated: 5811160
	5675  -  MemoryUsage of job (MB)
	5810296  -  ResidentSetSize of job (KB)
...
006 (3657452.000.000) 2025-12-03 17:29:21 Image size of job updated: 5811160
	5675  -  MemoryUsage of job (MB)
	5810372  -  ResidentSetSize of job (KB)
...
006 (3657452.000.000) 2025-12-03 17:31:21 Image size of job updated: 5811296
	5675  -  MemoryUsage of job (MB)
	5810448  -  ResidentSetSize of job (KB)
...
006 (3657452.000.000) 2025-12-03 17:33:21 Image size of job updated: 5893792
	5756  -  MemoryUsage of job (MB)
	5893304  -  ResidentSetSize of job (KB)
...
006 (3657452.000.000) 2025-12-03 17:35:22 Image size of job updated: 5908196
	5770  -  MemoryUsage of job (MB)
	5908196  -  ResidentSetSize of job (KB)
...
006 (3657452.000.000) 2025-12-03 17:37:23 Image size of job updated: 5965512
	5826  -  MemoryUsage of job (MB)
	5965512  -  ResidentSetSize of job (KB)
...
006 (3657452.000.000) 2025-12-03 17:39:24 Image size of job updated: 5967096
	5828  -  MemoryUsage of job (MB)
	5967096  -  ResidentSetSize of job (KB)
...
006 (3657452.000.000) 2025-12-03 17:41:24 Image size of job updated: 5967484
	5828  -  MemoryUsage of job (MB)
	5967096  -  ResidentSetSize of job (KB)
...
006 (3657452.000.000) 2025-12-03 17:43:24 Image size of job updated: 5968012
	5828  -  MemoryUsage of job (MB)
	5967244  -  ResidentSetSize of job (KB)
...
006 (3657452.000.000) 2025-12-03 17:45:24 Image size of job updated: 5968256
	5828  -  MemoryUsage of job (MB)
	5967664  -  ResidentSetSize of job (KB)
...
006 (3657452.000.000) 2025-12-03 17:47:24 Image size of job updated: 5968648
	5829  -  MemoryUsage of job (MB)
	5967948  -  ResidentSetSize of job (KB)
...
006 (3657452.000.000) 2025-12-03 17:49:25 Image size of job updated: 5968996
	5829  -  MemoryUsage of job (MB)
	5968144  -  ResidentSetSize of job (KB)
...
006 (3657452.000.000) 2025-12-03 17:51:26 Image size of job updated: 5968996
	5829  -  MemoryUsage of job (MB)
	5968280  -  ResidentSetSize of job (KB)
...
006 (3657452.000.000) 2025-12-03 17:53:27 Image size of job updated: 5968996
	5829  -  MemoryUsage of job (MB)
	5968376  -  ResidentSetSize of job (KB)
...
006 (3657452.000.000) 2025-12-03 17:55:28 Image size of job updated: 5968996
	5829  -  MemoryUsage of job (MB)
	5968736  -  ResidentSetSize of job (KB)
...
006 (3657452.000.000) 2025-12-03 17:57:28 Image size of job updated: 5970052
	5830  -  MemoryUsage of job (MB)
	5969152  -  ResidentSetSize of job (KB)
...
006 (3657452.000.000) 2025-12-03 17:59:28 Image size of job updated: 5970052
	5830  -  MemoryUsage of job (MB)
	5969240  -  ResidentSetSize of job (KB)
...
006 (3657452.000.000) 2025-12-03 18:01:28 Image size of job updated: 5970212
	5831  -  MemoryUsage of job (MB)
	5970212  -  ResidentSetSize of job (KB)
...
006 (3657452.000.000) 2025-12-03 18:07:31 Image size of job updated: 5970308
	5831  -  MemoryUsage of job (MB)
	5970212  -  ResidentSetSize of job (KB)
...
006 (3657452.000.000) 2025-12-03 18:11:32 Image size of job updated: 5970400
	5831  -  MemoryUsage of job (MB)
	5970212  -  ResidentSetSize of job (KB)
...
006 (3657452.000.000) 2025-12-03 18:13:32 Image size of job updated: 5970492
	5831  -  MemoryUsage of job (MB)
	5970212  -  ResidentSetSize of job (KB)
...
006 (3657452.000.000) 2025-12-03 18:17:32 Image size of job updated: 5971292
	5831  -  MemoryUsage of job (MB)
	5970444  -  ResidentSetSize of job (KB)
...
006 (3657452.000.000) 2025-12-03 18:19:33 Image size of job updated: 5971356
	5831  -  MemoryUsage of job (MB)
	5970488  -  ResidentSetSize of job (KB)
...
006 (3657452.000.000) 2025-12-03 18:21:34 Image size of job updated: 5971572
	5831  -  MemoryUsage of job (MB)
	5970676  -  ResidentSetSize of job (KB)
...
006 (3657452.000.000) 2025-12-03 18:23:35 Image size of job updated: 5971628
	5831  -  MemoryUsage of job (MB)
	5970716  -  ResidentSetSize of job (KB)
...
006 (3657452.000.000) 2025-12-03 18:25:35 Image size of job updated: 5971628
	5831  -  MemoryUsage of job (MB)
	5970732  -  ResidentSetSize of job (KB)
...
006 (3657452.000.000) 2025-12-03 18:27:35 Image size of job updated: 5971628
	5831  -  MemoryUsage of job (MB)
	5970748  -  ResidentSetSize of job (KB)
...
006 (3657452.000.000) 2025-12-03 18:29:35 Image size of job updated: 6167832
	6024  -  MemoryUsage of job (MB)
	6167832  -  ResidentSetSize of job (KB)
...
006 (3657452.000.000) 2025-12-03 18:31:35 Image size of job updated: 6168664
	6024  -  MemoryUsage of job (MB)
	6167844  -  ResidentSetSize of job (KB)
...
006 (3657452.000.000) 2025-12-03 18:33:36 Image size of job updated: 6168724
	6024  -  MemoryUsage of job (MB)
	6167868  -  ResidentSetSize of job (KB)
...
006 (3657452.000.000) 2025-12-03 18:35:37 Image size of job updated: 6168724
	6024  -  MemoryUsage of job (MB)
	6167896  -  ResidentSetSize of job (KB)
...
006 (3657452.000.000) 2025-12-03 18:37:38 Image size of job updated: 6168724
	6024  -  MemoryUsage of job (MB)
	6167912  -  ResidentSetSize of job (KB)
...
006 (3657452.000.000) 2025-12-03 18:39:38 Image size of job updated: 6169072
	6024  -  MemoryUsage of job (MB)
	6168264  -  ResidentSetSize of job (KB)
...
006 (3657452.000.000) 2025-12-03 18:41:38 Image size of job updated: 6169192
	6024  -  MemoryUsage of job (MB)
	6168264  -  ResidentSetSize of job (KB)
...
006 (3657452.000.000) 2025-12-03 18:43:38 Image size of job updated: 6169192
	6024  -  MemoryUsage of job (MB)
	6168392  -  ResidentSetSize of job (KB)
...
006 (3657452.000.000) 2025-12-03 18:45:38 Image size of job updated: 6169280
	6024  -  MemoryUsage of job (MB)
	6168400  -  ResidentSetSize of job (KB)
...
006 (3657452.000.000) 2025-12-03 18:47:39 Image size of job updated: 6169280
	6024  -  MemoryUsage of job (MB)
	6168420  -  ResidentSetSize of job (KB)
...
006 (3657452.000.000) 2025-12-03 18:49:40 Image size of job updated: 6169280
	6024  -  MemoryUsage of job (MB)
	6168424  -  ResidentSetSize of job (KB)
...
006 (3657452.000.000) 2025-12-03 18:51:41 Image size of job updated: 6169280
	6024  -  MemoryUsage of job (MB)
	6168428  -  ResidentSetSize of job (KB)
...
006 (3657452.000.000) 2025-12-03 18:53:41 Image size of job updated: 6169344
	6024  -  MemoryUsage of job (MB)
	6168456  -  ResidentSetSize of job (KB)
...
006 (3657452.000.000) 2025-12-03 18:57:41 Image size of job updated: 6169344
	6024  -  MemoryUsage of job (MB)
	6168464  -  ResidentSetSize of job (KB)
...
006 (3657452.000.000) 2025-12-03 18:59:41 Image size of job updated: 6169368
	6024  -  MemoryUsage of job (MB)
	6168480  -  ResidentSetSize of job (KB)
...
006 (3657452.000.000) 2025-12-03 19:01:42 Image size of job updated: 6169368
	6024  -  MemoryUsage of job (MB)
	6168484  -  ResidentSetSize of job (KB)
...
006 (3657452.000.000) 2025-12-03 19:07:44 Image size of job updated: 6182816
	6038  -  MemoryUsage of job (MB)
	6182816  -  ResidentSetSize of job (KB)
...
006 (3657452.000.000) 2025-12-03 19:09:44 Image size of job updated: 6185948
	6041  -  MemoryUsage of job (MB)
	6185164  -  ResidentSetSize of job (KB)
...
006 (3657452.000.000) 2025-12-03 19:11:44 Image size of job updated: 6186048
	6041  -  MemoryUsage of job (MB)
	6185172  -  ResidentSetSize of job (KB)
...
006 (3657452.000.000) 2025-12-03 19:13:44 Image size of job updated: 6186060
	6041  -  MemoryUsage of job (MB)
	6185172  -  ResidentSetSize of job (KB)
...
006 (3657452.000.000) 2025-12-03 19:15:45 Image size of job updated: 6186120
	6041  -  MemoryUsage of job (MB)
	6185176  -  ResidentSetSize of job (KB)
...
006 (3657452.000.000) 2025-12-03 19:21:47 Image size of job updated: 6186120
	6042  -  MemoryUsage of job (MB)
	6186008  -  ResidentSetSize of job (KB)
...
006 (3657452.000.000) 2025-12-03 19:27:47 Image size of job updated: 6186132
	6042  -  MemoryUsage of job (MB)
	6186008  -  ResidentSetSize of job (KB)
...
006 (3657452.000.000) 2025-12-03 19:35:50 Image size of job updated: 6186972
	6042  -  MemoryUsage of job (MB)
	6186008  -  ResidentSetSize of job (KB)
...
006 (3657452.000.000) 2025-12-03 19:59:56 Image size of job updated: 6199552
	6055  -  MemoryUsage of job (MB)
	6199552  -  ResidentSetSize of job (KB)
...
006 (3657452.000.000) 2025-12-03 20:01:57 Image size of job updated: 6202592
	6057  -  MemoryUsage of job (MB)
	6201748  -  ResidentSetSize of job (KB)
...
006 (3657452.000.000) 2025-12-03 20:03:58 Image size of job updated: 6202652
	6057  -  MemoryUsage of job (MB)
	6201748  -  ResidentSetSize of job (KB)
...
006 (3657452.000.000) 2025-12-03 20:05:58 Image size of job updated: 6202652
	6058  -  MemoryUsage of job (MB)
	6202624  -  ResidentSetSize of job (KB)
...
006 (3657452.000.000) 2025-12-03 20:11:59 Image size of job updated: 6202660
	6058  -  MemoryUsage of job (MB)
	6202624  -  ResidentSetSize of job (KB)
...
006 (3657452.000.000) 2025-12-03 20:20:02 Image size of job updated: 6202856
	6058  -  MemoryUsage of job (MB)
	6202624  -  ResidentSetSize of job (KB)
...
006 (3657452.000.000) 2025-12-03 20:36:07 Image size of job updated: 6202880
	6058  -  MemoryUsage of job (MB)
	6202624  -  ResidentSetSize of job (KB)
...
006 (3657452.000.000) 2025-12-03 20:42:07 Image size of job updated: 6202904
	6058  -  MemoryUsage of job (MB)
	6202624  -  ResidentSetSize of job (KB)
...
006 (3657452.000.000) 2025-12-03 20:52:11 Image size of job updated: 6216256
	6071  -  MemoryUsage of job (MB)
	6216256  -  ResidentSetSize of job (KB)
...
006 (3657452.000.000) 2025-12-03 20:54:11 Image size of job updated: 6218784
	6073  -  MemoryUsage of job (MB)
	6217876  -  ResidentSetSize of job (KB)
...
006 (3657452.000.000) 2025-12-03 20:58:11 Image size of job updated: 6218784
	6073  -  MemoryUsage of job (MB)
	6217896  -  ResidentSetSize of job (KB)
...
006 (3657452.000.000) 2025-12-03 21:00:12 Image size of job updated: 6218840
	6073  -  MemoryUsage of job (MB)
	6217896  -  ResidentSetSize of job (KB)
...
006 (3657452.000.000) 2025-12-03 21:14:15 Image size of job updated: 6218840
	6073  -  MemoryUsage of job (MB)
	6217908  -  ResidentSetSize of job (KB)
...
006 (3657452.000.000) 2025-12-03 21:22:18 Image size of job updated: 6218840
	6073  -  MemoryUsage of job (MB)
	6218384  -  ResidentSetSize of job (KB)
...
006 (3657452.000.000) 2025-12-03 21:24:18 Image size of job updated: 6218840
	6073  -  MemoryUsage of job (MB)
	6218732  -  ResidentSetSize of job (KB)
...
006 (3657452.000.000) 2025-12-03 21:50:25 Image size of job updated: 6218840
	6074  -  MemoryUsage of job (MB)
	6218760  -  ResidentSetSize of job (KB)
...
006 (3657452.000.000) 2025-12-03 21:52:26 Image size of job updated: 6221404
	6075  -  MemoryUsage of job (MB)
	6220516  -  ResidentSetSize of job (KB)
...
006 (3657452.000.000) 2025-12-03 22:02:28 Image size of job updated: 6221428
	6075  -  MemoryUsage of job (MB)
	6220516  -  ResidentSetSize of job (KB)
...
006 (3657452.000.000) 2025-12-03 22:06:28 Image size of job updated: 6221440
	6075  -  MemoryUsage of job (MB)
	6220516  -  ResidentSetSize of job (KB)
...
006 (3657452.000.000) 2025-12-03 22:08:29 Image size of job updated: 6223140
	6075  -  MemoryUsage of job (MB)
	6220516  -  ResidentSetSize of job (KB)
...
006 (3657452.000.000) 2025-12-03 22:22:31 Image size of job updated: 6223140
	6075  -  MemoryUsage of job (MB)
	6220520  -  ResidentSetSize of job (KB)
...
006 (3657452.000.000) 2025-12-03 22:36:35 Image size of job updated: 6223140
	6076  -  MemoryUsage of job (MB)
	6221364  -  ResidentSetSize of job (KB)
...
006 (3657452.000.000) 2025-12-03 22:42:36 Image size of job updated: 6223140
	6076  -  MemoryUsage of job (MB)
	6221388  -  ResidentSetSize of job (KB)
...
006 (3657452.000.000) 2025-12-03 22:48:38 Image size of job updated: 6223140
	6077  -  MemoryUsage of job (MB)
	6222764  -  ResidentSetSize of job (KB)
...
006 (3657452.000.000) 2025-12-03 22:50:38 Image size of job updated: 6223584
	6077  -  MemoryUsage of job (MB)
	6222780  -  ResidentSetSize of job (KB)
...
006 (3657452.000.000) 2025-12-03 22:54:38 Image size of job updated: 6223708
	6077  -  MemoryUsage of job (MB)
	6222780  -  ResidentSetSize of job (KB)
...
006 (3657452.000.000) 2025-12-03 23:04:42 Image size of job updated: 6223732
	6077  -  MemoryUsage of job (MB)
	6222780  -  ResidentSetSize of job (KB)
...
006 (3657452.000.000) 2025-12-03 23:44:51 Image size of job updated: 6225464
	6080  -  MemoryUsage of job (MB)
	6225464  -  ResidentSetSize of job (KB)
...
006 (3657452.000.000) 2025-12-03 23:46:51 Image size of job updated: 6226384
	6081  -  MemoryUsage of job (MB)
	6226384  -  ResidentSetSize of job (KB)
...
006 (3657452.000.000) 2025-12-03 23:58:55 Image size of job updated: 6226388
	6081  -  MemoryUsage of job (MB)
	6226388  -  ResidentSetSize of job (KB)
...
006 (3657452.000.000) 2025-12-04 00:00:56 Image size of job updated: 6226704
	6081  -  MemoryUsage of job (MB)
	6226388  -  ResidentSetSize of job (KB)
...
006 (3657452.000.000) 2025-12-04 00:02:56 Image size of job updated: 6226756
	6081  -  MemoryUsage of job (MB)
	6226388  -  ResidentSetSize of job (KB)
...
006 (3657452.000.000) 2025-12-04 00:37:06 Image size of job updated: 6226776
	6081  -  MemoryUsage of job (MB)
	6226388  -  ResidentSetSize of job (KB)
...
006 (3657452.000.000) 2025-12-04 00:43:06 Image size of job updated: 6228804
	6082  -  MemoryUsage of job (MB)
	6227900  -  ResidentSetSize of job (KB)
...
006 (3657452.000.000) 2025-12-04 00:45:06 Image size of job updated: 6247948
	6101  -  MemoryUsage of job (MB)
	6247400  -  ResidentSetSize of job (KB)
...
006 (3657452.000.000) 2025-12-04 00:47:07 Image size of job updated: 6248288
	6101  -  MemoryUsage of job (MB)
	6247400  -  ResidentSetSize of job (KB)
...
006 (3657452.000.000) 2025-12-04 00:53:10 Image size of job updated: 6248344
	6101  -  MemoryUsage of job (MB)
	6247400  -  ResidentSetSize of job (KB)
...
006 (3657452.000.000) 2025-12-04 01:11:14 Image size of job updated: 6248344
	6101  -  MemoryUsage of job (MB)
	6247404  -  ResidentSetSize of job (KB)
...
006 (3657452.000.000) 2025-12-04 01:25:18 Image size of job updated: 6248344
	6102  -  MemoryUsage of job (MB)
	6247980  -  ResidentSetSize of job (KB)
...
006 (3657452.000.000) 2025-12-04 01:33:18 Image size of job updated: 6250284
	6104  -  MemoryUsage of job (MB)
	6250284  -  ResidentSetSize of job (KB)
...
006 (3657452.000.000) 2025-12-04 01:35:18 Image size of job updated: 6264324
	6118  -  MemoryUsage of job (MB)
	6264324  -  ResidentSetSize of job (KB)
...
006 (3657452.000.000) 2025-12-04 01:37:19 Image size of job updated: 6267812
	6121  -  MemoryUsage of job (MB)
	6266984  -  ResidentSetSize of job (KB)
...
006 (3657452.000.000) 2025-12-04 01:39:20 Image size of job updated: 6267828
	6121  -  MemoryUsage of job (MB)
	6266988  -  ResidentSetSize of job (KB)
...
006 (3657452.000.000) 2025-12-04 01:41:21 Image size of job updated: 6276056
	6129  -  MemoryUsage of job (MB)
	6275136  -  ResidentSetSize of job (KB)
...
006 (3657452.000.000) 2025-12-04 02:21:30 Image size of job updated: 6276056
	6129  -  MemoryUsage of job (MB)
	6276004  -  ResidentSetSize of job (KB)
...
006 (3657452.000.000) 2025-12-04 02:31:33 Image size of job updated: 6276612
	6129  -  MemoryUsage of job (MB)
	6276004  -  ResidentSetSize of job (KB)
...
006 (3657452.000.000) 2025-12-04 02:37:34 Image size of job updated: 6276628
	6129  -  MemoryUsage of job (MB)
	6276004  -  ResidentSetSize of job (KB)
...
006 (3657452.000.000) 2025-12-04 02:41:34 Image size of job updated: 6276628
	6130  -  MemoryUsage of job (MB)
	6276552  -  ResidentSetSize of job (KB)
...
006 (3657452.000.000) 2025-12-04 02:45:36 Image size of job updated: 6276636
	6130  -  MemoryUsage of job (MB)
	6276552  -  ResidentSetSize of job (KB)
...
006 (3657452.000.000) 2025-12-04 03:13:43 Image size of job updated: 6276636
	6130  -  MemoryUsage of job (MB)
	6276584  -  ResidentSetSize of job (KB)
...
006 (3657452.000.000) 2025-12-04 04:19:57 Image size of job updated: 6278332
	6130  -  MemoryUsage of job (MB)
	6276584  -  ResidentSetSize of job (KB)
...
006 (3657452.000.000) 2025-12-04 04:32:01 Image size of job updated: 6278332
	6130  -  MemoryUsage of job (MB)
	6276596  -  ResidentSetSize of job (KB)
...
006 (3657452.000.000) 2025-12-04 04:48:05 Image size of job updated: 6391836
	6243  -  MemoryUsage of job (MB)
	6391836  -  ResidentSetSize of job (KB)
...
006 (3657452.000.000) 2025-12-04 04:50:06 Image size of job updated: 6392348
	6243  -  MemoryUsage of job (MB)
	6391836  -  ResidentSetSize of job (KB)
...
006 (3657452.000.000) 2025-12-04 04:52:07 Image size of job updated: 6392724
	6243  -  MemoryUsage of job (MB)
	6391836  -  ResidentSetSize of job (KB)
...
006 (3657452.000.000) 2025-12-04 05:02:08 Image size of job updated: 6393512
	6243  -  MemoryUsage of job (MB)
	6391836  -  ResidentSetSize of job (KB)
...
006 (3657452.000.000) 2025-12-04 05:10:12 Image size of job updated: 6394836
	6245  -  MemoryUsage of job (MB)
	6393936  -  ResidentSetSize of job (KB)
...
006 (3657452.000.000) 2025-12-04 05:12:12 Image size of job updated: 6394852
	6245  -  MemoryUsage of job (MB)
	6394844  -  ResidentSetSize of job (KB)
...
006 (3657452.000.000) 2025-12-04 05:16:12 Image size of job updated: 6452928
	6301  -  MemoryUsage of job (MB)
	6452020  -  ResidentSetSize of job (KB)
...
006 (3657452.000.000) 2025-12-04 05:20:14 Image size of job updated: 6452944
	6301  -  MemoryUsage of job (MB)
	6452020  -  ResidentSetSize of job (KB)
...
006 (3657452.000.000) 2025-12-04 05:24:16 Image size of job updated: 6452944
	6302  -  MemoryUsage of job (MB)
	6452904  -  ResidentSetSize of job (KB)
...
006 (3657452.000.000) 2025-12-04 05:30:16 Image size of job updated: 6452992
	6302  -  MemoryUsage of job (MB)
	6452904  -  ResidentSetSize of job (KB)
...
006 (3657452.000.000) 2025-12-04 06:00:22 Image size of job updated: 6461304
	6310  -  MemoryUsage of job (MB)
	6461304  -  ResidentSetSize of job (KB)
...
006 (3657452.000.000) 2025-12-04 06:02:23 Image size of job updated: 6464392
	6313  -  MemoryUsage of job (MB)
	6464392  -  ResidentSetSize of job (KB)
...
006 (3657452.000.000) 2025-12-04 06:04:24 Image size of job updated: 6464436
	6313  -  MemoryUsage of job (MB)
	6464392  -  ResidentSetSize of job (KB)
...
006 (3657452.000.000) 2025-12-04 06:08:26 Image size of job updated: 6464452
	6313  -  MemoryUsage of job (MB)
	6464392  -  ResidentSetSize of job (KB)
...
006 (3657452.000.000) 2025-12-04 06:10:26 Image size of job updated: 6464452
	6313  -  MemoryUsage of job (MB)
	6464416  -  ResidentSetSize of job (KB)
...
006 (3657452.000.000) 2025-12-04 06:14:26 Image size of job updated: 6464472
	6313  -  MemoryUsage of job (MB)
	6464416  -  ResidentSetSize of job (KB)
...
006 (3657452.000.000) 2025-12-04 06:28:31 Image size of job updated: 6464476
	6313  -  MemoryUsage of job (MB)
	6464416  -  ResidentSetSize of job (KB)
...
006 (3657452.000.000) 2025-12-04 06:38:34 Image size of job updated: 6464512
	6313  -  MemoryUsage of job (MB)
	6464416  -  ResidentSetSize of job (KB)
...
006 (3657452.000.000) 2025-12-04 06:56:39 Image size of job updated: 6468316
	6317  -  MemoryUsage of job (MB)
	6468316  -  ResidentSetSize of job (KB)
...
006 (3657452.000.000) 2025-12-04 06:58:40 Image size of job updated: 6475908
	6324  -  MemoryUsage of job (MB)
	6475080  -  ResidentSetSize of job (KB)
...
006 (3657452.000.000) 2025-12-04 07:00:41 Image size of job updated: 6475964
	6324  -  MemoryUsage of job (MB)
	6475080  -  ResidentSetSize of job (KB)
...
012 (3657452.000.000) 2025-12-04 07:02:41 Job was held.
	Job held by SYSTEM_PERIODIC_HOLD due to wall time exceeded.
	Code 26 Subcode 0
...
009 (3657452.000.000) 2025-12-04 09:08:43 Job was aborted.
	via condor_rm (by user mm1221)
...
