000 (3665997.000.000) 2025-12-05 11:28:40 Job submitted from host: <146.179.108.134:9618?addrs=146.179.108.134-9618&alias=htcmaster00.hep.ph.ic.ac.uk&noUDP&sock=schedd_953_41d8>
...
001 (3665997.000.000) 2025-12-05 11:28:40 Job executing on host: <146.179.108.46:9618?addrs=146.179.108.46-9618+[2a0c-5bc0-88-111-632-1ff-fee1-230e]-9618&alias=lxdgpu00.hep.ph.ic.ac.uk&noUDP&sock=startd_2337_90eb>
	SlotName: slot1_1@lxdgpu00.hep.ph.ic.ac.uk
	AvailableGPUs = { GPUs_GPU_31edab1d }
	CondorScratchDir = "/srv/localstage/condor/dir_1077586"
	Cpus = 32
	Disk = 1507458923
	GPUs = 1
	GPUs_GPU_31edab1d = [ Id = "GPU-31edab1d"; ClockMhz = 1800.0; Capability = 8.6; CoresPerCU = 128; DeviceName = "NVIDIA RTX A6000"; DeviceUuid = "31edab1d-d62b-597c-ceec-dee727c0fb82"; ECCEnabled = true; ComputeUnits = 84; NvidiaDriver = "580.105.08"; DriverVersion = 13.0; DevicePciBusId = "0000:83:00.0"; GlobalMemoryMb = 45486; MaxSupportedVersion = 13000 ]
	Memory = 128075
...
006 (3665997.000.000) 2025-12-05 11:28:49 Image size of job updated: 182956
	179  -  MemoryUsage of job (MB)
	182956  -  ResidentSetSize of job (KB)
...
006 (3665997.000.000) 2025-12-05 11:30:50 Image size of job updated: 5402184
	5073  -  MemoryUsage of job (MB)
	5194688  -  ResidentSetSize of job (KB)
...
006 (3665997.000.000) 2025-12-05 11:32:51 Image size of job updated: 8157088
	7309  -  MemoryUsage of job (MB)
	7484228  -  ResidentSetSize of job (KB)
...
006 (3665997.000.000) 2025-12-05 11:34:51 Image size of job updated: 10822196
	9342  -  MemoryUsage of job (MB)
	9565320  -  ResidentSetSize of job (KB)
...
006 (3665997.000.000) 2025-12-05 11:36:51 Image size of job updated: 12717964
	10679  -  MemoryUsage of job (MB)
	10934908  -  ResidentSetSize of job (KB)
...
006 (3665997.000.000) 2025-12-05 11:38:51 Image size of job updated: 14078216
	12404  -  MemoryUsage of job (MB)
	12701600  -  ResidentSetSize of job (KB)
...
006 (3665997.000.000) 2025-12-05 11:40:52 Image size of job updated: 15499472
	14149  -  MemoryUsage of job (MB)
	14487832  -  ResidentSetSize of job (KB)
...
006 (3665997.000.000) 2025-12-05 11:42:53 Image size of job updated: 16774440
	14499  -  MemoryUsage of job (MB)
	14846820  -  ResidentSetSize of job (KB)
...
006 (3665997.000.000) 2025-12-05 11:44:55 Image size of job updated: 18122856
	16519  -  MemoryUsage of job (MB)
	16915104  -  ResidentSetSize of job (KB)
...
006 (3665997.000.000) 2025-12-05 11:46:55 Image size of job updated: 19788124
	17976  -  MemoryUsage of job (MB)
	18407248  -  ResidentSetSize of job (KB)
...
006 (3665997.000.000) 2025-12-05 11:48:55 Image size of job updated: 20773852
	20252  -  MemoryUsage of job (MB)
	20737304  -  ResidentSetSize of job (KB)
...
006 (3665997.000.000) 2025-12-05 11:50:55 Image size of job updated: 22161912
	21643  -  MemoryUsage of job (MB)
	22161912  -  ResidentSetSize of job (KB)
...
006 (3665997.000.000) 2025-12-05 11:52:55 Image size of job updated: 23430836
	22882  -  MemoryUsage of job (MB)
	23430836  -  ResidentSetSize of job (KB)
...
006 (3665997.000.000) 2025-12-05 11:54:56 Image size of job updated: 23477800
	22928  -  MemoryUsage of job (MB)
	23477800  -  ResidentSetSize of job (KB)
...
006 (3665997.000.000) 2025-12-05 11:56:57 Image size of job updated: 23535680
	22985  -  MemoryUsage of job (MB)
	23535680  -  ResidentSetSize of job (KB)
...
006 (3665997.000.000) 2025-12-05 11:58:58 Image size of job updated: 23537056
	22985  -  MemoryUsage of job (MB)
	23536304  -  ResidentSetSize of job (KB)
...
006 (3665997.000.000) 2025-12-05 12:00:58 Image size of job updated: 23537524
	22986  -  MemoryUsage of job (MB)
	23536916  -  ResidentSetSize of job (KB)
...
006 (3665997.000.000) 2025-12-05 12:02:58 Image size of job updated: 23537524
	22986  -  MemoryUsage of job (MB)
	23537240  -  ResidentSetSize of job (KB)
...
006 (3665997.000.000) 2025-12-05 12:04:58 Image size of job updated: 23537588
	22986  -  MemoryUsage of job (MB)
	23537588  -  ResidentSetSize of job (KB)
...
006 (3665997.000.000) 2025-12-05 12:06:58 Image size of job updated: 23537720
	22987  -  MemoryUsage of job (MB)
	23537720  -  ResidentSetSize of job (KB)
...
006 (3665997.000.000) 2025-12-05 12:08:59 Image size of job updated: 23537832
	22987  -  MemoryUsage of job (MB)
	23537832  -  ResidentSetSize of job (KB)
...
006 (3665997.000.000) 2025-12-05 12:11:00 Image size of job updated: 23538856
	22987  -  MemoryUsage of job (MB)
	23538064  -  ResidentSetSize of job (KB)
...
006 (3665997.000.000) 2025-12-05 12:13:01 Image size of job updated: 23539036
	22987  -  MemoryUsage of job (MB)
	23538140  -  ResidentSetSize of job (KB)
...
006 (3665997.000.000) 2025-12-05 12:15:01 Image size of job updated: 23539052
	22987  -  MemoryUsage of job (MB)
	23538228  -  ResidentSetSize of job (KB)
...
006 (3665997.000.000) 2025-12-05 12:17:01 Image size of job updated: 23539124
	22987  -  MemoryUsage of job (MB)
	23538296  -  ResidentSetSize of job (KB)
...
006 (3665997.000.000) 2025-12-05 12:19:01 Image size of job updated: 23539124
	22987  -  MemoryUsage of job (MB)
	23538344  -  ResidentSetSize of job (KB)
...
006 (3665997.000.000) 2025-12-05 12:21:01 Image size of job updated: 23539124
	22988  -  MemoryUsage of job (MB)
	23538748  -  ResidentSetSize of job (KB)
...
006 (3665997.000.000) 2025-12-05 12:23:02 Image size of job updated: 23539308
	22988  -  MemoryUsage of job (MB)
	23538748  -  ResidentSetSize of job (KB)
...
006 (3665997.000.000) 2025-12-05 12:29:04 Image size of job updated: 23539484
	22988  -  MemoryUsage of job (MB)
	23538748  -  ResidentSetSize of job (KB)
...
006 (3665997.000.000) 2025-12-05 12:33:04 Image size of job updated: 23539484
	22988  -  MemoryUsage of job (MB)
	23539176  -  ResidentSetSize of job (KB)
...
006 (3665997.000.000) 2025-12-05 12:35:05 Image size of job updated: 23539600
	22988  -  MemoryUsage of job (MB)
	23539176  -  ResidentSetSize of job (KB)
...
006 (3665997.000.000) 2025-12-05 12:37:06 Image size of job updated: 23539640
	22988  -  MemoryUsage of job (MB)
	23539176  -  ResidentSetSize of job (KB)
...
006 (3665997.000.000) 2025-12-05 12:47:08 Image size of job updated: 23539812
	22988  -  MemoryUsage of job (MB)
	23539176  -  ResidentSetSize of job (KB)
...
006 (3665997.000.000) 2025-12-05 12:59:11 Image size of job updated: 23611392
	23058  -  MemoryUsage of job (MB)
	23611392  -  ResidentSetSize of job (KB)
...
006 (3665997.000.000) 2025-12-05 13:01:12 Image size of job updated: 23613060
	23060  -  MemoryUsage of job (MB)
	23612588  -  ResidentSetSize of job (KB)
...
006 (3665997.000.000) 2025-12-05 13:03:13 Image size of job updated: 23613112
	23060  -  MemoryUsage of job (MB)
	23612928  -  ResidentSetSize of job (KB)
...
006 (3665997.000.000) 2025-12-05 13:05:14 Image size of job updated: 23859104
	23300  -  MemoryUsage of job (MB)
	23859104  -  ResidentSetSize of job (KB)
...
006 (3665997.000.000) 2025-12-05 13:07:14 Image size of job updated: 23868160
	23309  -  MemoryUsage of job (MB)
	23867460  -  ResidentSetSize of job (KB)
...
006 (3665997.000.000) 2025-12-05 13:09:14 Image size of job updated: 23903404
	23343  -  MemoryUsage of job (MB)
	23902696  -  ResidentSetSize of job (KB)
...
006 (3665997.000.000) 2025-12-05 13:11:14 Image size of job updated: 23904232
	23344  -  MemoryUsage of job (MB)
	23903660  -  ResidentSetSize of job (KB)
...
006 (3665997.000.000) 2025-12-05 13:13:14 Image size of job updated: 23904384
	23345  -  MemoryUsage of job (MB)
	23904384  -  ResidentSetSize of job (KB)
...
006 (3665997.000.000) 2025-12-05 13:15:15 Image size of job updated: 23904808
	23345  -  MemoryUsage of job (MB)
	23904808  -  ResidentSetSize of job (KB)
...
006 (3665997.000.000) 2025-12-05 13:17:16 Image size of job updated: 23906048
	23346  -  MemoryUsage of job (MB)
	23906048  -  ResidentSetSize of job (KB)
...
006 (3665997.000.000) 2025-12-05 13:21:17 Image size of job updated: 23906552
	23346  -  MemoryUsage of job (MB)
	23906048  -  ResidentSetSize of job (KB)
...
006 (3665997.000.000) 2025-12-05 13:23:17 Image size of job updated: 23906700
	23346  -  MemoryUsage of job (MB)
	23906048  -  ResidentSetSize of job (KB)
...
004 (3665997.000.000) 2025-12-05 13:29:13 Job was evicted. Code 1009 Subcode 0
	(0) CPU times
		Usr 0 01:46:59, Sys 0 00:12:11  -  Run Remote Usage
		Usr 0 00:00:00, Sys 0 00:00:00  -  Run Local Usage
	0  -  Run Bytes Sent By Job
	0  -  Run Bytes Received By Job
	Reason: Claim deactivated
	Partitionable Resources :    Usage       Request  Allocated Assigned
	   Cpus                 :     1.17         32            32 
	   Disk (KB)            :     5    1356713030.70 1507458923 
	   GPUs                 :     0.44          1             1 "GPU-31edab1d"
	   Memory (MB)          : 23346        128075        128075 
	   TimeExecute (s)      :  7233                             
	   TimeSlotBusy (s)     :  7233                             
...
009 (3665997.000.000) 2025-12-05 13:29:13 Job was aborted.
	via condor_rm (by user mm1221)
...
